t:  0 2
n_scales value:  1
==========  Debug  ==========
fake_Bs_raw type:  <class 'NoneType'>
fake_B_raw type:  <class 'torch.Tensor'>
fake_B_raw value:  tensor([[[[-7.5882e-01, -2.1078e-02,  1.7269e-01,  ...,  8.9236e-01,
            8.3899e-02,  5.8119e-01],
          [ 3.7791e-01,  5.4140e-01,  4.0074e-01,  ...,  6.7038e-01,
            1.0035e-01, -4.0348e-01],
          [-2.9565e-01,  2.8246e-01,  9.4782e-01,  ...,  4.2867e-01,
            5.0318e-01,  3.8765e-01],
          ...,
          [ 4.8627e-01,  5.5526e-01,  6.6305e-01,  ...,  2.8522e-01,
            1.7216e-01,  1.4783e-01],
          [ 1.1586e-02, -2.8617e-01,  6.7491e-02,  ..., -6.0501e-02,
            2.8854e-01,  4.8166e-01],
          [-2.8347e-01,  2.1581e-01,  3.1865e-02,  ...,  8.4754e-02,
           -1.7371e-02,  1.1783e-01]],

         [[ 8.3162e-01,  5.7416e-01, -5.0418e-01,  ...,  7.1170e-01,
            2.6909e-01,  8.6750e-01],
          [ 8.0235e-01,  5.2847e-01,  1.1168e-01,  ...,  3.1320e-01,
           -8.4439e-02,  5.8587e-01],
          [-6.7493e-01, -3.8152e-01, -9.0788e-01,  ..., -1.4419e-01,
            6.7490e-01,  4.1890e-01],
          ...,
          [ 1.6052e-01,  1.2662e-01, -3.2109e-01,  ...,  5.1953e-02,
            3.4937e-01, -2.3984e-02],
          [-3.7976e-01, -1.1641e-01, -1.1580e-01,  ..., -3.5805e-03,
           -7.9826e-02,  3.0852e-01],
          [ 2.1142e-01,  2.0141e-02, -3.4340e-02,  ...,  8.8151e-03,
           -6.8705e-02,  2.2461e-01]],

         [[ 6.7151e-01,  5.5972e-01,  8.6958e-01,  ..., -7.1535e-01,
            6.7139e-01,  9.8264e-01],
          [ 5.5711e-01, -1.5746e-01, -9.0116e-01,  ...,  6.4477e-01,
           -4.9356e-01,  7.8029e-01],
          [ 7.4387e-01,  7.4725e-01,  9.0511e-01,  ..., -3.4389e-01,
            2.8449e-01, -5.1691e-01],
          ...,
          [ 3.8897e-01,  1.9503e-01, -1.3257e-01,  ...,  4.9075e-01,
            1.5174e-01,  4.0968e-01],
          [ 5.2331e-01,  1.5359e-01,  5.6806e-01,  ...,  2.7392e-01,
            2.5957e-01,  9.5131e-02],
          [-2.7617e-03,  7.9412e-01, -4.6342e-01,  ...,  3.6916e-01,
            8.8220e-02,  3.2269e-01]]]], device='cuda:1')
fake_Bs_raw value:  None
dest_id:  0
weights type:  <class 'NoneType'>
weight value:  tensor([[[[ 0.0603,  0.3921,  0.1546,  ...,  0.5244,  0.2290,  0.5028],
          [ 0.3471,  0.7523,  0.4794,  ...,  0.2084,  0.3627,  0.6289],
          [ 0.4419,  0.4602,  0.3924,  ...,  0.2737,  0.2445,  0.4783],
          ...,
          [ 0.5196,  0.4696,  0.4562,  ...,  0.4246,  0.4556,  0.4955],
          [ 0.3431,  0.4065,  0.4023,  ...,  0.5627,  0.3481,  0.4450],
          [ 0.3959,  0.4862,  0.4318,  ...,  0.4956,  0.4328,  0.4860]]]], device='cuda:1')
t:  1 2
THCudaCheck FAIL file=/opt/conda/conda-bld/pytorch_1524586445097/work/aten/src/THC/THCTensorCopy.cu line=100 error=77 : an illegal memory access was encountered
Traceback (most recent call last):
  File "train.py", line 295, in <module>
    train()
  File "train.py", line 102, in train
    fake_B, fake_B_raw, flow, weight, real_A, real_Bp, fake_B_last = modelG(input_A, input_B, inst_A, fake_B_last)            
  File "/home/data/urop2018/sfuab/anaconda3/lib/python3.6/site-packages/torch/nn/modules/module.py", line 491, in __call__
    result = self.forward(*input, **kwargs)
  File "/home/data/urop2018/sfuab/anaconda3/lib/python3.6/site-packages/torch/nn/parallel/data_parallel.py", line 112, in forward
    return self.module(*inputs[0], **kwargs[0])
  File "/home/data/urop2018/sfuab/anaconda3/lib/python3.6/site-packages/torch/nn/modules/module.py", line 491, in __call__
    result = self.forward(*input, **kwargs)
  File "/home/data/urop2018/sfuab/vid2vid/models/vid2vid_model_G.py", line 130, in forward
    fake_B, fake_B_raw, flow, weight = self.generate_frame_train(netG, real_A_all, fake_B_prev, start_gpu, is_first_frame)        
  File "/home/data/urop2018/sfuab/vid2vid/models/vid2vid_model_G.py", line 176, in generate_frame_train
    fake_B_feat, flow_feat, fake_B_fg_feat, use_raw_only)
  File "/home/data/urop2018/sfuab/vid2vid/models/networks.py", line 195, in forward
    mask = mask.cuda(gpu_id).expand_as(img_raw)            
RuntimeError: cuda runtime error (77) : an illegal memory access was encountered at /opt/conda/conda-bld/pytorch_1524586445097/work/aten/src/THC/THCTensorCopy.cu:100
terminate called after throwing an instance of 'std::runtime_error'
  what():  cuda runtime error (77) : an illegal memory access was encountered at /opt/conda/conda-bld/pytorch_1524586445097/work/aten/src/THC/generic/THCStorage.c:184
Abort
